mode: set
github.com/JokerTrickster/joker_backend/services/weatherService/features/weather/notifier/fcm.go:31.87,32.27 1 1
github.com/JokerTrickster/joker_backend/services/weatherService/features/weather/notifier/fcm.go:32.27,34.3 1 1
github.com/JokerTrickster/joker_backend/services/weatherService/features/weather/notifier/fcm.go:36.2,40.16 4 1
github.com/JokerTrickster/joker_backend/services/weatherService/features/weather/notifier/fcm.go:40.16,42.3 1 0
github.com/JokerTrickster/joker_backend/services/weatherService/features/weather/notifier/fcm.go:44.2,45.16 2 1
github.com/JokerTrickster/joker_backend/services/weatherService/features/weather/notifier/fcm.go:45.16,47.3 1 1
github.com/JokerTrickster/joker_backend/services/weatherService/features/weather/notifier/fcm.go:49.2,52.8 1 0
github.com/JokerTrickster/joker_backend/services/weatherService/features/weather/notifier/fcm.go:56.94,61.2 1 1
github.com/JokerTrickster/joker_backend/services/weatherService/features/weather/notifier/fcm.go:67.132,68.22 1 1
github.com/JokerTrickster/joker_backend/services/weatherService/features/weather/notifier/fcm.go:68.22,71.3 2 1
github.com/JokerTrickster/joker_backend/services/weatherService/features/weather/notifier/fcm.go:73.2,73.17 1 1
github.com/JokerTrickster/joker_backend/services/weatherService/features/weather/notifier/fcm.go:73.17,75.3 1 1
github.com/JokerTrickster/joker_backend/services/weatherService/features/weather/notifier/fcm.go:77.2,77.18 1 1
github.com/JokerTrickster/joker_backend/services/weatherService/features/weather/notifier/fcm.go:77.18,79.3 1 1
github.com/JokerTrickster/joker_backend/services/weatherService/features/weather/notifier/fcm.go:82.2,93.32 6 1
github.com/JokerTrickster/joker_backend/services/weatherService/features/weather/notifier/fcm.go:93.32,104.17 5 1
github.com/JokerTrickster/joker_backend/services/weatherService/features/weather/notifier/fcm.go:104.17,114.18 4 1
github.com/JokerTrickster/joker_backend/services/weatherService/features/weather/notifier/fcm.go:114.18,120.13 3 1
github.com/JokerTrickster/joker_backend/services/weatherService/features/weather/notifier/fcm.go:125.3,137.23 6 1
github.com/JokerTrickster/joker_backend/services/weatherService/features/weather/notifier/fcm.go:137.23,138.46 1 1
github.com/JokerTrickster/joker_backend/services/weatherService/features/weather/notifier/fcm.go:138.46,139.22 1 1
github.com/JokerTrickster/joker_backend/services/weatherService/features/weather/notifier/fcm.go:139.22,145.6 1 1
github.com/JokerTrickster/joker_backend/services/weatherService/features/weather/notifier/fcm.go:150.2,157.43 2 1
github.com/JokerTrickster/joker_backend/services/weatherService/features/weather/notifier/fcm.go:157.43,159.3 1 1
github.com/JokerTrickster/joker_backend/services/weatherService/features/weather/notifier/fcm.go:161.2,161.12 1 1
github.com/JokerTrickster/joker_backend/services/weatherService/features/weather/notifier/fcm.go:165.123,187.2 5 1
github.com/JokerTrickster/joker_backend/services/weatherService/features/weather/notifier/fcm.go:190.72,193.46 2 1
github.com/JokerTrickster/joker_backend/services/weatherService/features/weather/notifier/fcm.go:193.46,195.24 2 1
github.com/JokerTrickster/joker_backend/services/weatherService/features/weather/notifier/fcm.go:195.24,197.4 1 1
github.com/JokerTrickster/joker_backend/services/weatherService/features/weather/notifier/fcm.go:198.3,198.43 1 1
github.com/JokerTrickster/joker_backend/services/weatherService/features/weather/notifier/fcm.go:201.2,201.16 1 1
github.com/JokerTrickster/joker_backend/services/weatherService/features/weather/notifier/fcmClientWrapper.go:15.70,17.2 1 0
github.com/JokerTrickster/joker_backend/services/weatherService/features/weather/notifier/fcmClientWrapper.go:20.134,22.2 1 0
